<?xml version="1.0" encoding="UTF-8"?>
<!-- Generated by org.testng.reporters.JUnitReportReporter -->
<testsuite hostname="PRAVEEN" failures="0" tests="1" name="com.inetbanking.testCases.TC_LoginTest_001" time="21.060" errors="0" timestamp="2023-12-10T18:03:02 IST" skipped="0">
  <testcase classname="com.inetbanking.testCases.TC_LoginTest_001" name="loginTest" time="21.060"/>
</testsuite> <!-- com.inetbanking.testCases.TC_LoginTest_001 -->
